<?xml version="1.0" encoding="UTF-8"?>
<testsuites name="Mocha Tests" time="14.490" tests="2" failures="0">
  <testsuite name="Root Suite" timestamp="2024-09-05T09:21:03" tests="0" file="cypress/e2e/tests/RegistrationTest.cy.js" time="0.000" failures="0">
  </testsuite>
  <testsuite name="Account Registration" timestamp="2024-09-05T09:21:04" tests="2" time="14.385" failures="0">
    <testcase name="Account Registration should register the new user" time="9.548" classname="should register the new user">
    </testcase>
    <testcase name="Account Registration should validate the error messages for missing input fields" time="3.760" classname="should validate the error messages for missing input fields">
    </testcase>
  </testsuite>
</testsuites>