<?xml version="1.0" encoding="UTF-8"?>
<testsuites name="Mocha Tests" time="20.489" tests="3" failures="0">
  <testsuite name="Root Suite" timestamp="2024-09-05T09:19:30" tests="0" file="cypress/e2e/tests/ProductDataTest.cy.js" time="0.000" failures="0">
  </testsuite>
  <testsuite name="product details and search" timestamp="2024-09-05T09:19:30" tests="3" time="20.392" failures="0">
    <testcase name="product details and search should validate all the products presence in store" time="10.221" classname="should validate all the products presence in store">
    </testcase>
    <testcase name="product details and search should validate the product data on products search page" time="2.100" classname="should validate the product data on products search page">
    </testcase>
    <testcase name="product details and search should validate the product data on product details page" time="7.286" classname="should validate the product data on product details page">
    </testcase>
  </testsuite>
</testsuites>