<?xml version="1.0" encoding="UTF-8"?>
<testsuites name="Mocha Tests" time="18.268" tests="3" failures="0">
  <testsuite name="Root Suite" timestamp="2024-09-05T09:18:35" tests="0" file="cypress/e2e/tests/AddToCartTest.cy.js" time="0.000" failures="0">
  </testsuite>
  <testsuite name="adding products to cart" timestamp="2024-09-05T09:18:36" tests="3" time="18.124" failures="0">
    <testcase name="adding products to cart should add product to the cart from products search page" time="7.397" classname="should add product to the cart from products search page">
    </testcase>
    <testcase name="adding products to cart should add product to the cart from product details page" time="5.124" classname="should add product to the cart from product details page">
    </testcase>
    <testcase name="adding products to cart should validate the presence of product in cart" time="5.079" classname="should validate the presence of product in cart">
    </testcase>
  </testsuite>
</testsuites>